2025-07-14 01:26:52,510 WARNING database DDL Query made to DB:
ALTER TABLE `tabEmployee` MODIFY `ctc` decimal(21,9) not null default 0
2025-07-14 01:26:52,784 WARNING database DDL Query made to DB:
ALTER TABLE `tabEmployee` MODIFY `ctc` decimal(21,9) not null default 0
2025-07-14 01:26:52,987 WARNING database DDL Query made to DB:
ALTER TABLE `tabEmployee` MODIFY `ctc` decimal(21,9) not null default 0
2025-07-14 01:26:53,197 WARNING database DDL Query made to DB:
ALTER TABLE `tabEmployee` MODIFY `ctc` decimal(21,9) not null default 0
2025-07-14 01:26:53,400 WARNING database DDL Query made to DB:
ALTER TABLE `tabEmployee` MODIFY `ctc` decimal(21,9) not null default 0
2025-07-14 01:26:53,603 WARNING database DDL Query made to DB:
ALTER TABLE `tabEmployee` MODIFY `ctc` decimal(21,9) not null default 0
2025-07-14 01:26:53,810 WARNING database DDL Query made to DB:
ALTER TABLE `tabEmployee` MODIFY `ctc` decimal(21,9) not null default 0
2025-07-14 01:26:54,012 WARNING database DDL Query made to DB:
ALTER TABLE `tabEmployee` MODIFY `ctc` decimal(21,9) not null default 0
2025-07-14 01:26:54,234 WARNING database DDL Query made to DB:
ALTER TABLE `tabCompany` MODIFY `total_monthly_sales` decimal(21,9) not null default 0, MODIFY `monthly_sales_target` decimal(21,9) not null default 0, MODIFY `credit_limit` decimal(21,9) not null default 0
2025-07-14 01:26:54,437 WARNING database DDL Query made to DB:
ALTER TABLE `tabCompany` MODIFY `credit_limit` decimal(21,9) not null default 0, MODIFY `monthly_sales_target` decimal(21,9) not null default 0, MODIFY `total_monthly_sales` decimal(21,9) not null default 0
2025-07-14 01:26:54,643 WARNING database DDL Query made to DB:
ALTER TABLE `tabCompany` MODIFY `credit_limit` decimal(21,9) not null default 0, MODIFY `monthly_sales_target` decimal(21,9) not null default 0, MODIFY `total_monthly_sales` decimal(21,9) not null default 0
2025-07-14 01:26:54,847 WARNING database DDL Query made to DB:
ALTER TABLE `tabCompany` MODIFY `credit_limit` decimal(21,9) not null default 0, MODIFY `monthly_sales_target` decimal(21,9) not null default 0, MODIFY `total_monthly_sales` decimal(21,9) not null default 0
2025-07-14 01:26:55,075 WARNING database DDL Query made to DB:
ALTER TABLE `tabCompany` MODIFY `monthly_sales_target` decimal(21,9) not null default 0, MODIFY `credit_limit` decimal(21,9) not null default 0, MODIFY `total_monthly_sales` decimal(21,9) not null default 0
2025-07-14 01:26:55,292 WARNING database DDL Query made to DB:
ALTER TABLE `tabCompany` MODIFY `credit_limit` decimal(21,9) not null default 0, MODIFY `monthly_sales_target` decimal(21,9) not null default 0, MODIFY `total_monthly_sales` decimal(21,9) not null default 0
2025-07-14 01:26:55,495 WARNING database DDL Query made to DB:
ALTER TABLE `tabItem` MODIFY `max_discount` decimal(21,9) not null default 0, MODIFY `total_projected_qty` decimal(21,9) not null default 0, MODIFY `last_purchase_rate` decimal(21,9) not null default 0, MODIFY `opening_stock` decimal(21,9) not null default 0, MODIFY `over_delivery_receipt_allowance` decimal(21,9) not null default 0, MODIFY `weight_per_unit` decimal(21,9) not null default 0, MODIFY `valuation_rate` decimal(21,9) not null default 0, MODIFY `over_billing_allowance` decimal(21,9) not null default 0, MODIFY `safety_stock` decimal(21,9) not null default 0, MODIFY `standard_rate` decimal(21,9) not null default 0, MODIFY `custom_reorder_level` decimal(21,9) not null default 0
2025-07-14 05:21:31,642 WARNING database DDL Query made to DB:
alter table `tabDocType` add column if not exists migration_hash varchar(140)
2025-07-14 05:21:36,540 WARNING database DDL Query made to DB:
ALTER TABLE `tabPrint Heading` DROP INDEX `print_heading`
2025-07-14 05:21:41,924 WARNING database DDL Query made to DB:
ALTER TABLE `tabOpportunity` MODIFY `opportunity_amount` decimal(21,9) not null default 0, MODIFY `base_opportunity_amount` decimal(21,9) not null default 0, MODIFY `annual_revenue` decimal(21,9) not null default 0, MODIFY `total` decimal(21,9) not null default 0, MODIFY `first_response_time` decimal(21,9), MODIFY `conversion_rate` decimal(21,9) not null default 0, MODIFY `base_total` decimal(21,9) not null default 0
2025-07-14 05:21:45,910 WARNING database DDL Query made to DB:
ALTER TABLE `tabCustomer` MODIFY `default_commission_rate` decimal(21,9) not null default 0, MODIFY `customer_type` varchar(140) default 'Company'
2025-07-14 05:21:47,938 WARNING database DDL Query made to DB:
ALTER TABLE `tabPrint Heading` ADD UNIQUE INDEX IF NOT EXISTS print_heading (`print_heading`)
2025-07-14 05:21:58,289 WARNING database DDL Query made to DB:
ALTER TABLE `tabCustomer` MODIFY `customer_type` varchar(140)
2025-07-14 05:21:59,088 WARNING database DDL Query made to DB:
ALTER TABLE `tabOpportunity` MODIFY `expected_value` decimal(21,9) not null default 0
2025-07-14 05:22:28,632 WARNING database DDL Query made to DB:
ALTER TABLE `tabRoast Batch` MODIFY `company` varchar(140) default 'frappe.defaults.get_user_default(\'Company\')', MODIFY `qty_to_roast` decimal(21,9) not null default 0, MODIFY `charge_temp` decimal(21,9) not null default 0, MODIFY `output_qty` decimal(21,9) not null default 0, MODIFY `weight_loss_percentage` decimal(21,9) not null default 0
2025-07-14 05:22:29,487 WARNING database DDL Query made to DB:
ALTER TABLE `tabRoast Batch` MODIFY `weight_loss_percentage` decimal(21,9) not null default 0, MODIFY `qty_to_roast` decimal(21,9) not null default 0, MODIFY `company` varchar(140) default 'frappe.defaults.get_user_default(\'Company\')', MODIFY `charge_temp` decimal(21,9) not null default 0, MODIFY `output_qty` decimal(21,9) not null default 0
2025-07-14 05:22:29,829 WARNING database DDL Query made to DB:
ALTER TABLE `tabGreen Bean Assessment` MODIFY `moisture_content` decimal(21,9) not null default 0
2025-07-14 05:22:30,710 WARNING database DDL Query made to DB:
ALTER TABLE `tabWeb Form` MODIFY `amount` decimal(21,9) not null default 0, MODIFY `condition_json` json
2025-07-14 05:22:34,833 WARNING database DDL Query made to DB:
ALTER TABLE `tabItem` MODIFY `standard_rate` decimal(21,9) not null default 0, MODIFY `weight_per_unit` decimal(21,9) not null default 0, MODIFY `over_delivery_receipt_allowance` decimal(21,9) not null default 0, MODIFY `safety_stock` decimal(21,9) not null default 0, MODIFY `max_discount` decimal(21,9) not null default 0, MODIFY `opening_stock` decimal(21,9) not null default 0, MODIFY `last_purchase_rate` decimal(21,9) not null default 0, MODIFY `valuation_rate` decimal(21,9) not null default 0, MODIFY `over_billing_allowance` decimal(21,9) not null default 0, MODIFY `total_projected_qty` decimal(21,9) not null default 0, MODIFY `custom_reorder_level` decimal(21,9) not null default 0
2025-07-14 05:22:35,866 WARNING database DDL Query made to DB:
ALTER TABLE `tabDelivery Note` MODIFY `rounding_adjustment` decimal(21,9) not null default 0, MODIFY `conversion_rate` decimal(21,9) not null default 0, MODIFY `base_discount_amount` decimal(21,9) not null default 0, MODIFY `total_commission` decimal(21,9) not null default 0, MODIFY `plc_conversion_rate` decimal(21,9) not null default 0, MODIFY `per_returned` decimal(21,9) not null default 0, MODIFY `commission_rate` decimal(21,9) not null default 0, MODIFY `grand_total` decimal(21,9) not null default 0, MODIFY `per_installed` decimal(21,9) not null default 0, MODIFY `rounded_total` decimal(21,9) not null default 0, MODIFY `total_net_weight` decimal(21,9) not null default 0, MODIFY `base_total` decimal(21,9) not null default 0, MODIFY `amount_eligible_for_commission` decimal(21,9) not null default 0, MODIFY `total` decimal(21,9) not null default 0, MODIFY `total_qty` decimal(21,9) not null default 0, MODIFY `net_total` decimal(21,9) not null default 0, MODIFY `total_taxes_and_charges` decimal(21,9) not null default 0, MODIFY `base_net_total` decimal(21,9) not null default 0, MODIFY `base_total_taxes_and_charges` decimal(21,9) not null default 0, MODIFY `base_grand_total` decimal(21,9) not null default 0, MODIFY `additional_discount_percentage` decimal(21,9) not null default 0, MODIFY `base_rounded_total` decimal(21,9) not null default 0, MODIFY `base_rounding_adjustment` decimal(21,9) not null default 0, MODIFY `per_billed` decimal(21,9) not null default 0, MODIFY `discount_amount` decimal(21,9) not null default 0
2025-07-14 05:22:38,790 WARNING database DDL Query made to DB:
ALTER TABLE `tabItem` MODIFY `over_billing_allowance` decimal(21,9) not null default 0, MODIFY `standard_rate` decimal(21,9) not null default 0, MODIFY `weight_per_unit` decimal(21,9) not null default 0, MODIFY `custom_reorder_level` decimal(21,9) not null default 0, MODIFY `max_discount` decimal(21,9) not null default 0, MODIFY `opening_stock` decimal(21,9) not null default 0, MODIFY `last_purchase_rate` decimal(21,9) not null default 0, MODIFY `total_projected_qty` decimal(21,9) not null default 0, MODIFY `over_delivery_receipt_allowance` decimal(21,9) not null default 0, MODIFY `valuation_rate` decimal(21,9) not null default 0, MODIFY `safety_stock` decimal(21,9) not null default 0
2025-07-14 05:22:40,622 WARNING database DDL Query made to DB:
ALTER TABLE `tabTimesheet` MODIFY `base_total_costing_amount` decimal(21,9) not null default 0, MODIFY `total_costing_amount` decimal(21,9) not null default 0, MODIFY `base_total_billed_amount` decimal(21,9) not null default 0, MODIFY `total_billed_amount` decimal(21,9) not null default 0, MODIFY `per_billed` decimal(21,9) not null default 0, MODIFY `base_total_billable_amount` decimal(21,9) not null default 0, MODIFY `total_billed_hours` decimal(21,9) not null default 0, MODIFY `total_billable_hours` decimal(21,9) not null default 0
2025-07-14 05:22:41,321 WARNING database DDL Query made to DB:
ALTER TABLE `tabItem` MODIFY `opening_stock` decimal(21,9) not null default 0, MODIFY `valuation_rate` decimal(21,9) not null default 0, MODIFY `over_delivery_receipt_allowance` decimal(21,9) not null default 0, MODIFY `safety_stock` decimal(21,9) not null default 0, MODIFY `max_discount` decimal(21,9) not null default 0, MODIFY `standard_rate` decimal(21,9) not null default 0, MODIFY `weight_per_unit` decimal(21,9) not null default 0, MODIFY `last_purchase_rate` decimal(21,9) not null default 0, MODIFY `total_projected_qty` decimal(21,9) not null default 0, MODIFY `custom_reorder_level` decimal(21,9) not null default 0, MODIFY `over_billing_allowance` decimal(21,9) not null default 0
2025-07-14 05:22:42,127 WARNING database DDL Query made to DB:
ALTER TABLE `tabSales Order Item` MODIFY `base_net_amount` decimal(21,9) not null default 0, MODIFY `base_rate` decimal(21,9) not null default 0, MODIFY `discount_percentage` decimal(21,9) not null default 0, MODIFY `qty` decimal(21,9) not null default 0, MODIFY `billed_amt` decimal(21,9) not null default 0, MODIFY `valuation_rate` decimal(21,9) not null default 0, MODIFY `conversion_factor` decimal(21,9) not null default 0, MODIFY `gross_profit` decimal(21,9) not null default 0, MODIFY `discount_amount` decimal(21,9) not null default 0, MODIFY `blanket_order_rate` decimal(21,9) not null default 0, MODIFY `base_rate_with_margin` decimal(21,9) not null default 0, MODIFY `actual_qty` decimal(21,9) not null default 0, MODIFY `weight_per_unit` decimal(21,9) not null default 0, MODIFY `company_total_stock` decimal(21,9) not null default 0, MODIFY `total_weight` decimal(21,9) not null default 0, MODIFY `distributed_discount_amount` decimal(21,9) not null default 0, MODIFY `projected_qty` decimal(21,9) not null default 0, MODIFY `price_list_rate` decimal(21,9) not null default 0, MODIFY `ordered_qty` decimal(21,9) not null default 0, MODIFY `planned_qty` decimal(21,9) not null default 0, MODIFY `base_price_list_rate` decimal(21,9) not null default 0, MODIFY `rate` decimal(21,9) not null default 0, MODIFY `production_plan_qty` decimal(21,9) not null default 0, MODIFY `amount` decimal(21,9) not null default 0, MODIFY `work_order_qty` decimal(21,9) not null default 0, MODIFY `base_amount` decimal(21,9) not null default 0, MODIFY `delivered_qty` decimal(21,9) not null default 0, MODIFY `produced_qty` decimal(21,9) not null default 0, MODIFY `returned_qty` decimal(21,9) not null default 0, MODIFY `stock_uom_rate` decimal(21,9) not null default 0, MODIFY `stock_qty` decimal(21,9) not null default 0, MODIFY `picked_qty` decimal(21,9) not null default 0, MODIFY `margin_rate_or_amount` decimal(21,9) not null default 0, MODIFY `net_rate` decimal(21,9) not null default 0, MODIFY `net_amount` decimal(21,9) not null default 0, MODIFY `rate_with_margin` decimal(21,9) not null default 0, MODIFY `base_net_rate` decimal(21,9) not null default 0
2025-07-14 05:22:43,499 WARNING database DDL Query made to DB:
ALTER TABLE `tabSales Invoice` MODIFY `paid_amount` decimal(21,9) not null default 0, MODIFY `total_net_weight` decimal(21,9) not null default 0, MODIFY `change_amount` decimal(21,9) not null default 0, MODIFY `base_net_total` decimal(21,9) not null default 0, MODIFY `loyalty_amount` decimal(21,9) not null default 0, MODIFY `total_taxes_and_charges` decimal(21,9) not null default 0, MODIFY `rounded_total` decimal(21,9) not null default 0, MODIFY `write_off_amount` decimal(21,9) not null default 0, MODIFY `total_advance` decimal(21,9) not null default 0, MODIFY `net_total` decimal(21,9) not null default 0, MODIFY `outstanding_amount` decimal(21,9) not null default 0, MODIFY `base_change_amount` decimal(21,9) not null default 0, MODIFY `grand_total` decimal(21,9) not null default 0, MODIFY `conversion_rate` decimal(21,9) not null default 0, MODIFY `base_discount_amount` decimal(21,9) not null default 0, MODIFY `additional_discount_percentage` decimal(21,9) not null default 0, MODIFY `discount_amount` decimal(21,9) not null default 0, MODIFY `plc_conversion_rate` decimal(21,9) not null default 0, MODIFY `amount_eligible_for_commission` decimal(21,9) not null default 0, MODIFY `total` decimal(21,9) not null default 0, MODIFY `total_billing_hours` decimal(21,9) not null default 0, MODIFY `base_total_taxes_and_charges` decimal(21,9) not null default 0, MODIFY `rounding_adjustment` decimal(21,9) not null default 0, MODIFY `base_write_off_amount` decimal(21,9) not null default 0, MODIFY `commission_rate` decimal(21,9) not null default 0, MODIFY `total_qty` decimal(21,9) not null default 0, MODIFY `total_commission` decimal(21,9) not null default 0, MODIFY `base_grand_total` decimal(21,9) not null default 0, MODIFY `base_paid_amount` decimal(21,9) not null default 0, MODIFY `base_total` decimal(21,9) not null default 0, MODIFY `base_rounding_adjustment` decimal(21,9) not null default 0, MODIFY `base_rounded_total` decimal(21,9) not null default 0
2025-07-14 05:22:58,009 WARNING database DDL Query made to DB:
ALTER TABLE `tabEmployee` MODIFY `ctc` decimal(21,9) not null default 0
2025-07-14 05:22:59,086 WARNING database DDL Query made to DB:
ALTER TABLE `tabEmployee` MODIFY `ctc` decimal(21,9) not null default 0
2025-07-14 05:22:59,563 WARNING database DDL Query made to DB:
ALTER TABLE `tabProject` MODIFY `total_billed_amount` decimal(21,9) not null default 0, MODIFY `total_consumed_material_cost` decimal(21,9) not null default 0, MODIFY `estimated_costing` decimal(21,9) not null default 0, MODIFY `total_costing_amount` decimal(21,9) not null default 0, MODIFY `per_gross_margin` decimal(21,9) not null default 0, MODIFY `total_purchase_cost` decimal(21,9) not null default 0, MODIFY `actual_time` decimal(21,9) not null default 0, MODIFY `total_expense_claim` decimal(21,9) not null default 0, MODIFY `percent_complete` decimal(21,9) not null default 0, MODIFY `total_sales_amount` decimal(21,9) not null default 0, MODIFY `total_billable_amount` decimal(21,9) not null default 0, MODIFY `gross_margin` decimal(21,9) not null default 0
2025-07-14 05:23:00,623 WARNING database DDL Query made to DB:
ALTER TABLE `tabEmployee` MODIFY `ctc` decimal(21,9) not null default 0
2025-07-14 05:23:01,160 WARNING database DDL Query made to DB:
ALTER TABLE `tabTask` MODIFY `task_weight` decimal(21,9) not null default 0, MODIFY `progress` decimal(21,9) not null default 0, MODIFY `total_costing_amount` decimal(21,9) not null default 0, MODIFY `total_expense_claim` decimal(21,9) not null default 0, MODIFY `actual_time` decimal(21,9) not null default 0, MODIFY `total_billing_amount` decimal(21,9) not null default 0
2025-07-14 05:23:01,793 WARNING database DDL Query made to DB:
ALTER TABLE `tabWeb Form` MODIFY `condition_json` json, MODIFY `amount` decimal(21,9) not null default 0
2025-07-14 05:23:02,326 WARNING database DDL Query made to DB:
ALTER TABLE `tabWeb Form` MODIFY `amount` decimal(21,9) not null default 0, MODIFY `condition_json` json
2025-07-14 05:23:02,886 WARNING database DDL Query made to DB:
ALTER TABLE `tabWeb Form` MODIFY `condition_json` json, MODIFY `amount` decimal(21,9) not null default 0
2025-07-14 05:23:03,719 WARNING database DDL Query made to DB:
ALTER TABLE `tabWeb Form` MODIFY `amount` decimal(21,9) not null default 0, MODIFY `condition_json` json
2025-07-14 05:23:04,210 WARNING database DDL Query made to DB:
ALTER TABLE `tabWeb Form` MODIFY `condition_json` json, MODIFY `amount` decimal(21,9) not null default 0
2025-07-14 05:23:04,696 WARNING database DDL Query made to DB:
ALTER TABLE `tabWeb Form` MODIFY `amount` decimal(21,9) not null default 0, MODIFY `condition_json` json
2025-07-14 05:23:05,375 WARNING database DDL Query made to DB:
ALTER TABLE `tabEmployee` MODIFY `ctc` decimal(21,9) not null default 0
2025-07-14 05:23:05,853 WARNING database DDL Query made to DB:
ALTER TABLE `tabWeb Form` MODIFY `amount` decimal(21,9) not null default 0, MODIFY `condition_json` json
2025-07-14 05:23:06,891 WARNING database DDL Query made to DB:
ALTER TABLE `tabEmployee` MODIFY `ctc` decimal(21,9) not null default 0
2025-07-14 05:23:07,453 WARNING database DDL Query made to DB:
ALTER TABLE `tabWeb Form` MODIFY `condition_json` json, MODIFY `amount` decimal(21,9) not null default 0
2025-07-14 05:23:08,591 WARNING database DDL Query made to DB:
ALTER TABLE `tabEmployee` MODIFY `ctc` decimal(21,9) not null default 0
2025-07-14 05:23:09,623 WARNING database DDL Query made to DB:
ALTER TABLE `tabWeb Form` MODIFY `condition_json` json, MODIFY `amount` decimal(21,9) not null default 0
2025-07-14 05:23:10,829 WARNING database DDL Query made to DB:
ALTER TABLE `tabEmployee` MODIFY `ctc` decimal(21,9) not null default 0
2025-07-14 05:23:11,701 WARNING database DDL Query made to DB:
ALTER TABLE `tabEmployee` MODIFY `ctc` decimal(21,9) not null default 0
2025-07-14 05:23:12,834 WARNING database DDL Query made to DB:
ALTER TABLE `tabEmployee` MODIFY `ctc` decimal(21,9) not null default 0
2025-07-14 05:23:13,519 WARNING database DDL Query made to DB:
ALTER TABLE `tabEmployee` MODIFY `ctc` decimal(21,9) not null default 0
2025-07-14 05:23:14,421 WARNING database DDL Query made to DB:
ALTER TABLE `tabEmployee` MODIFY `ctc` decimal(21,9) not null default 0
2025-07-14 05:23:15,908 WARNING database DDL Query made to DB:
ALTER TABLE `tabEmployee` MODIFY `ctc` decimal(21,9) not null default 0
2025-07-14 05:23:16,742 WARNING database DDL Query made to DB:
ALTER TABLE `tabEmployee` MODIFY `ctc` decimal(21,9) not null default 0
2025-07-14 05:23:17,351 WARNING database DDL Query made to DB:
ALTER TABLE `tabEmployee` MODIFY `ctc` decimal(21,9) not null default 0
2025-07-14 05:23:17,899 WARNING database DDL Query made to DB:
ALTER TABLE `tabCompany` MODIFY `credit_limit` decimal(21,9) not null default 0, MODIFY `total_monthly_sales` decimal(21,9) not null default 0, MODIFY `monthly_sales_target` decimal(21,9) not null default 0
2025-07-14 05:23:18,730 WARNING database DDL Query made to DB:
ALTER TABLE `tabCompany` MODIFY `monthly_sales_target` decimal(21,9) not null default 0, MODIFY `total_monthly_sales` decimal(21,9) not null default 0, MODIFY `credit_limit` decimal(21,9) not null default 0
2025-07-14 05:23:19,165 WARNING database DDL Query made to DB:
ALTER TABLE `tabCompany` MODIFY `credit_limit` decimal(21,9) not null default 0, MODIFY `total_monthly_sales` decimal(21,9) not null default 0, MODIFY `monthly_sales_target` decimal(21,9) not null default 0
2025-07-14 05:23:19,607 WARNING database DDL Query made to DB:
ALTER TABLE `tabCompany` MODIFY `credit_limit` decimal(21,9) not null default 0, MODIFY `monthly_sales_target` decimal(21,9) not null default 0, MODIFY `total_monthly_sales` decimal(21,9) not null default 0
2025-07-14 05:23:20,104 WARNING database DDL Query made to DB:
ALTER TABLE `tabCompany` MODIFY `monthly_sales_target` decimal(21,9) not null default 0, MODIFY `credit_limit` decimal(21,9) not null default 0, MODIFY `total_monthly_sales` decimal(21,9) not null default 0
2025-07-14 05:23:20,547 WARNING database DDL Query made to DB:
ALTER TABLE `tabCompany` MODIFY `total_monthly_sales` decimal(21,9) not null default 0, MODIFY `credit_limit` decimal(21,9) not null default 0, MODIFY `monthly_sales_target` decimal(21,9) not null default 0
2025-07-14 05:23:21,032 WARNING database DDL Query made to DB:
ALTER TABLE `tabItem` MODIFY `standard_rate` decimal(21,9) not null default 0, MODIFY `over_billing_allowance` decimal(21,9) not null default 0, MODIFY `custom_reorder_level` decimal(21,9) not null default 0, MODIFY `total_projected_qty` decimal(21,9) not null default 0, MODIFY `last_purchase_rate` decimal(21,9) not null default 0, MODIFY `over_delivery_receipt_allowance` decimal(21,9) not null default 0, MODIFY `safety_stock` decimal(21,9) not null default 0, MODIFY `opening_stock` decimal(21,9) not null default 0, MODIFY `weight_per_unit` decimal(21,9) not null default 0, MODIFY `max_discount` decimal(21,9) not null default 0, MODIFY `valuation_rate` decimal(21,9) not null default 0
2025-07-14 22:54:12,379 WARNING database DDL Query made to DB:
ALTER TABLE `tabExtrinsic Assessment` ADD COLUMN `iac` int(1) not null default 0, ADD COLUMN `fair_trade` int(1) not null default 0, ADD COLUMN `organic` int(1) not null default 0, ADD COLUMN `rainforest_alliance` int(1) not null default 0, ADD COLUMN `other_certification` varchar(140)
2025-07-14 22:57:24,775 WARNING database DDL Query made to DB:
alter table `tabDocType` add column if not exists migration_hash varchar(140)
2025-07-14 22:57:26,801 WARNING database DDL Query made to DB:
ALTER TABLE `tabPrint Heading` DROP INDEX `print_heading`
2025-07-14 22:57:28,515 WARNING database DDL Query made to DB:
ALTER TABLE `tabOpportunity` MODIFY `annual_revenue` decimal(21,9) not null default 0, MODIFY `base_opportunity_amount` decimal(21,9) not null default 0, MODIFY `opportunity_amount` decimal(21,9) not null default 0, MODIFY `conversion_rate` decimal(21,9) not null default 0, MODIFY `first_response_time` decimal(21,9), MODIFY `base_total` decimal(21,9) not null default 0, MODIFY `total` decimal(21,9) not null default 0
2025-07-14 22:57:29,327 WARNING database DDL Query made to DB:
ALTER TABLE `tabCustomer` MODIFY `customer_type` varchar(140) default 'Company', MODIFY `default_commission_rate` decimal(21,9) not null default 0
2025-07-14 22:57:29,949 WARNING database DDL Query made to DB:
ALTER TABLE `tabPrint Heading` ADD UNIQUE INDEX IF NOT EXISTS print_heading (`print_heading`)
2025-07-14 22:57:32,724 WARNING database DDL Query made to DB:
ALTER TABLE `tabCustomer` MODIFY `customer_type` varchar(140)
2025-07-14 22:57:33,009 WARNING database DDL Query made to DB:
ALTER TABLE `tabOpportunity` MODIFY `expected_value` decimal(21,9) not null default 0
2025-07-14 22:57:33,370 WARNING database DDL Query made to DB:
ALTER TABLE `tabRoast Batch` MODIFY `qty_to_roast` decimal(21,9) not null default 0, MODIFY `output_qty` decimal(21,9) not null default 0, MODIFY `company` varchar(140) default 'frappe.defaults.get_user_default(\'Company\')', MODIFY `weight_loss_percentage` decimal(21,9) not null default 0, MODIFY `charge_temp` decimal(21,9) not null default 0
2025-07-14 22:57:53,128 WARNING database DDL Query made to DB:
ALTER TABLE `tabRoast Batch` MODIFY `qty_to_roast` decimal(21,9) not null default 0, MODIFY `weight_loss_percentage` decimal(21,9) not null default 0, MODIFY `output_qty` decimal(21,9) not null default 0, MODIFY `charge_temp` decimal(21,9) not null default 0, MODIFY `company` varchar(140) default 'frappe.defaults.get_user_default(\'Company\')'
2025-07-14 22:57:53,453 WARNING database DDL Query made to DB:
ALTER TABLE `tabRoast Batch` MODIFY `company` varchar(140) default 'frappe.defaults.get_user_default(\'Company\')', MODIFY `charge_temp` decimal(21,9) not null default 0, MODIFY `weight_loss_percentage` decimal(21,9) not null default 0, MODIFY `output_qty` decimal(21,9) not null default 0, MODIFY `qty_to_roast` decimal(21,9) not null default 0
2025-07-14 22:57:53,611 WARNING database DDL Query made to DB:
ALTER TABLE `tabGreen Bean Assessment` MODIFY `moisture_content` decimal(21,9) not null default 0
2025-07-14 22:57:53,806 WARNING database DDL Query made to DB:
ALTER TABLE `tabWeb Form` MODIFY `amount` decimal(21,9) not null default 0, MODIFY `condition_json` json
2025-07-14 22:57:55,195 WARNING database DDL Query made to DB:
ALTER TABLE `tabItem` MODIFY `max_discount` decimal(21,9) not null default 0, MODIFY `last_purchase_rate` decimal(21,9) not null default 0, MODIFY `valuation_rate` decimal(21,9) not null default 0, MODIFY `over_delivery_receipt_allowance` decimal(21,9) not null default 0, MODIFY `safety_stock` decimal(21,9) not null default 0, MODIFY `custom_reorder_level` decimal(21,9) not null default 0, MODIFY `total_projected_qty` decimal(21,9) not null default 0, MODIFY `over_billing_allowance` decimal(21,9) not null default 0, MODIFY `weight_per_unit` decimal(21,9) not null default 0, MODIFY `opening_stock` decimal(21,9) not null default 0, MODIFY `standard_rate` decimal(21,9) not null default 0
2025-07-14 22:57:55,420 WARNING database DDL Query made to DB:
ALTER TABLE `tabDelivery Note` MODIFY `amount_eligible_for_commission` decimal(21,9) not null default 0, MODIFY `commission_rate` decimal(21,9) not null default 0, MODIFY `additional_discount_percentage` decimal(21,9) not null default 0, MODIFY `base_rounded_total` decimal(21,9) not null default 0, MODIFY `base_net_total` decimal(21,9) not null default 0, MODIFY `total_commission` decimal(21,9) not null default 0, MODIFY `base_rounding_adjustment` decimal(21,9) not null default 0, MODIFY `grand_total` decimal(21,9) not null default 0, MODIFY `base_total_taxes_and_charges` decimal(21,9) not null default 0, MODIFY `total_taxes_and_charges` decimal(21,9) not null default 0, MODIFY `total_qty` decimal(21,9) not null default 0, MODIFY `per_installed` decimal(21,9) not null default 0, MODIFY `per_returned` decimal(21,9) not null default 0, MODIFY `per_billed` decimal(21,9) not null default 0, MODIFY `rounding_adjustment` decimal(21,9) not null default 0, MODIFY `rounded_total` decimal(21,9) not null default 0, MODIFY `conversion_rate` decimal(21,9) not null default 0, MODIFY `plc_conversion_rate` decimal(21,9) not null default 0, MODIFY `total` decimal(21,9) not null default 0, MODIFY `total_net_weight` decimal(21,9) not null default 0, MODIFY `base_grand_total` decimal(21,9) not null default 0, MODIFY `base_discount_amount` decimal(21,9) not null default 0, MODIFY `discount_amount` decimal(21,9) not null default 0, MODIFY `base_total` decimal(21,9) not null default 0, MODIFY `net_total` decimal(21,9) not null default 0
2025-07-14 22:57:56,196 WARNING database DDL Query made to DB:
ALTER TABLE `tabItem` MODIFY `over_billing_allowance` decimal(21,9) not null default 0, MODIFY `weight_per_unit` decimal(21,9) not null default 0, MODIFY `valuation_rate` decimal(21,9) not null default 0, MODIFY `total_projected_qty` decimal(21,9) not null default 0, MODIFY `custom_reorder_level` decimal(21,9) not null default 0, MODIFY `safety_stock` decimal(21,9) not null default 0, MODIFY `opening_stock` decimal(21,9) not null default 0, MODIFY `over_delivery_receipt_allowance` decimal(21,9) not null default 0, MODIFY `standard_rate` decimal(21,9) not null default 0, MODIFY `last_purchase_rate` decimal(21,9) not null default 0, MODIFY `max_discount` decimal(21,9) not null default 0
2025-07-14 22:57:56,875 WARNING database DDL Query made to DB:
ALTER TABLE `tabTimesheet` MODIFY `base_total_costing_amount` decimal(21,9) not null default 0, MODIFY `total_billed_hours` decimal(21,9) not null default 0, MODIFY `base_total_billable_amount` decimal(21,9) not null default 0, MODIFY `per_billed` decimal(21,9) not null default 0, MODIFY `base_total_billed_amount` decimal(21,9) not null default 0, MODIFY `total_costing_amount` decimal(21,9) not null default 0, MODIFY `total_billed_amount` decimal(21,9) not null default 0, MODIFY `total_billable_hours` decimal(21,9) not null default 0
2025-07-14 22:57:57,146 WARNING database DDL Query made to DB:
ALTER TABLE `tabItem` MODIFY `over_delivery_receipt_allowance` decimal(21,9) not null default 0, MODIFY `opening_stock` decimal(21,9) not null default 0, MODIFY `safety_stock` decimal(21,9) not null default 0, MODIFY `custom_reorder_level` decimal(21,9) not null default 0, MODIFY `valuation_rate` decimal(21,9) not null default 0, MODIFY `over_billing_allowance` decimal(21,9) not null default 0, MODIFY `total_projected_qty` decimal(21,9) not null default 0, MODIFY `last_purchase_rate` decimal(21,9) not null default 0, MODIFY `standard_rate` decimal(21,9) not null default 0, MODIFY `max_discount` decimal(21,9) not null default 0, MODIFY `weight_per_unit` decimal(21,9) not null default 0
2025-07-14 22:57:57,739 WARNING database DDL Query made to DB:
ALTER TABLE `tabSales Order Item` MODIFY `margin_rate_or_amount` decimal(21,9) not null default 0, MODIFY `weight_per_unit` decimal(21,9) not null default 0, MODIFY `base_rate_with_margin` decimal(21,9) not null default 0, MODIFY `base_price_list_rate` decimal(21,9) not null default 0, MODIFY `stock_qty` decimal(21,9) not null default 0, MODIFY `blanket_order_rate` decimal(21,9) not null default 0, MODIFY `planned_qty` decimal(21,9) not null default 0, MODIFY `net_rate` decimal(21,9) not null default 0, MODIFY `valuation_rate` decimal(21,9) not null default 0, MODIFY `discount_amount` decimal(21,9) not null default 0, MODIFY `production_plan_qty` decimal(21,9) not null default 0, MODIFY `billed_amt` decimal(21,9) not null default 0, MODIFY `amount` decimal(21,9) not null default 0, MODIFY `base_amount` decimal(21,9) not null default 0, MODIFY `qty` decimal(21,9) not null default 0, MODIFY `rate` decimal(21,9) not null default 0, MODIFY `price_list_rate` decimal(21,9) not null default 0, MODIFY `base_net_amount` decimal(21,9) not null default 0, MODIFY `base_rate` decimal(21,9) not null default 0, MODIFY `net_amount` decimal(21,9) not null default 0, MODIFY `actual_qty` decimal(21,9) not null default 0, MODIFY `gross_profit` decimal(21,9) not null default 0, MODIFY `company_total_stock` decimal(21,9) not null default 0, MODIFY `conversion_factor` decimal(21,9) not null default 0, MODIFY `base_net_rate` decimal(21,9) not null default 0, MODIFY `returned_qty` decimal(21,9) not null default 0, MODIFY `picked_qty` decimal(21,9) not null default 0, MODIFY `projected_qty` decimal(21,9) not null default 0, MODIFY `total_weight` decimal(21,9) not null default 0, MODIFY `delivered_qty` decimal(21,9) not null default 0, MODIFY `discount_percentage` decimal(21,9) not null default 0, MODIFY `produced_qty` decimal(21,9) not null default 0, MODIFY `stock_uom_rate` decimal(21,9) not null default 0, MODIFY `distributed_discount_amount` decimal(21,9) not null default 0, MODIFY `work_order_qty` decimal(21,9) not null default 0, MODIFY `rate_with_margin` decimal(21,9) not null default 0, MODIFY `ordered_qty` decimal(21,9) not null default 0
2025-07-14 22:57:58,330 WARNING database DDL Query made to DB:
ALTER TABLE `tabSales Invoice` MODIFY `change_amount` decimal(21,9) not null default 0, MODIFY `total_advance` decimal(21,9) not null default 0, MODIFY `amount_eligible_for_commission` decimal(21,9) not null default 0, MODIFY `base_total` decimal(21,9) not null default 0, MODIFY `total` decimal(21,9) not null default 0, MODIFY `total_billing_hours` decimal(21,9) not null default 0, MODIFY `discount_amount` decimal(21,9) not null default 0, MODIFY `commission_rate` decimal(21,9) not null default 0, MODIFY `base_change_amount` decimal(21,9) not null default 0, MODIFY `total_taxes_and_charges` decimal(21,9) not null default 0, MODIFY `write_off_amount` decimal(21,9) not null default 0, MODIFY `total_net_weight` decimal(21,9) not null default 0, MODIFY `paid_amount` decimal(21,9) not null default 0, MODIFY `rounding_adjustment` decimal(21,9) not null default 0, MODIFY `net_total` decimal(21,9) not null default 0, MODIFY `base_rounding_adjustment` decimal(21,9) not null default 0, MODIFY `additional_discount_percentage` decimal(21,9) not null default 0, MODIFY `outstanding_amount` decimal(21,9) not null default 0, MODIFY `total_qty` decimal(21,9) not null default 0, MODIFY `base_discount_amount` decimal(21,9) not null default 0, MODIFY `loyalty_amount` decimal(21,9) not null default 0, MODIFY `total_commission` decimal(21,9) not null default 0, MODIFY `base_total_taxes_and_charges` decimal(21,9) not null default 0, MODIFY `base_grand_total` decimal(21,9) not null default 0, MODIFY `base_rounded_total` decimal(21,9) not null default 0, MODIFY `base_paid_amount` decimal(21,9) not null default 0, MODIFY `base_net_total` decimal(21,9) not null default 0, MODIFY `base_write_off_amount` decimal(21,9) not null default 0, MODIFY `rounded_total` decimal(21,9) not null default 0, MODIFY `grand_total` decimal(21,9) not null default 0, MODIFY `conversion_rate` decimal(21,9) not null default 0, MODIFY `plc_conversion_rate` decimal(21,9) not null default 0
2025-07-14 22:58:04,109 WARNING database DDL Query made to DB:
ALTER TABLE `tabEmployee` MODIFY `ctc` decimal(21,9) not null default 0
2025-07-14 22:58:04,694 WARNING database DDL Query made to DB:
ALTER TABLE `tabEmployee` MODIFY `ctc` decimal(21,9) not null default 0
2025-07-14 22:58:04,885 WARNING database DDL Query made to DB:
ALTER TABLE `tabProject` MODIFY `total_billed_amount` decimal(21,9) not null default 0, MODIFY `actual_time` decimal(21,9) not null default 0, MODIFY `total_costing_amount` decimal(21,9) not null default 0, MODIFY `total_expense_claim` decimal(21,9) not null default 0, MODIFY `total_consumed_material_cost` decimal(21,9) not null default 0, MODIFY `per_gross_margin` decimal(21,9) not null default 0, MODIFY `total_billable_amount` decimal(21,9) not null default 0, MODIFY `total_sales_amount` decimal(21,9) not null default 0, MODIFY `total_purchase_cost` decimal(21,9) not null default 0, MODIFY `gross_margin` decimal(21,9) not null default 0, MODIFY `percent_complete` decimal(21,9) not null default 0, MODIFY `estimated_costing` decimal(21,9) not null default 0
2025-07-14 22:58:05,120 WARNING database DDL Query made to DB:
ALTER TABLE `tabEmployee` MODIFY `ctc` decimal(21,9) not null default 0
2025-07-14 22:58:05,281 WARNING database DDL Query made to DB:
ALTER TABLE `tabTask` MODIFY `progress` decimal(21,9) not null default 0, MODIFY `total_costing_amount` decimal(21,9) not null default 0, MODIFY `task_weight` decimal(21,9) not null default 0, MODIFY `total_expense_claim` decimal(21,9) not null default 0, MODIFY `actual_time` decimal(21,9) not null default 0, MODIFY `total_billing_amount` decimal(21,9) not null default 0
2025-07-14 22:58:05,465 WARNING database DDL Query made to DB:
ALTER TABLE `tabWeb Form` MODIFY `amount` decimal(21,9) not null default 0, MODIFY `condition_json` json
2025-07-14 22:58:05,630 WARNING database DDL Query made to DB:
ALTER TABLE `tabWeb Form` MODIFY `condition_json` json, MODIFY `amount` decimal(21,9) not null default 0
2025-07-14 22:58:05,815 WARNING database DDL Query made to DB:
ALTER TABLE `tabWeb Form` MODIFY `amount` decimal(21,9) not null default 0, MODIFY `condition_json` json
2025-07-14 22:58:06,007 WARNING database DDL Query made to DB:
ALTER TABLE `tabWeb Form` MODIFY `amount` decimal(21,9) not null default 0, MODIFY `condition_json` json
2025-07-14 22:58:06,216 WARNING database DDL Query made to DB:
ALTER TABLE `tabWeb Form` MODIFY `amount` decimal(21,9) not null default 0, MODIFY `condition_json` json
2025-07-14 22:58:06,410 WARNING database DDL Query made to DB:
ALTER TABLE `tabWeb Form` MODIFY `amount` decimal(21,9) not null default 0, MODIFY `condition_json` json
2025-07-14 22:58:06,638 WARNING database DDL Query made to DB:
ALTER TABLE `tabEmployee` MODIFY `ctc` decimal(21,9) not null default 0
2025-07-14 22:58:06,907 WARNING database DDL Query made to DB:
ALTER TABLE `tabWeb Form` MODIFY `amount` decimal(21,9) not null default 0, MODIFY `condition_json` json
2025-07-14 22:58:07,190 WARNING database DDL Query made to DB:
ALTER TABLE `tabEmployee` MODIFY `ctc` decimal(21,9) not null default 0
2025-07-14 22:58:07,415 WARNING database DDL Query made to DB:
ALTER TABLE `tabWeb Form` MODIFY `condition_json` json, MODIFY `amount` decimal(21,9) not null default 0
2025-07-14 22:58:07,654 WARNING database DDL Query made to DB:
ALTER TABLE `tabEmployee` MODIFY `ctc` decimal(21,9) not null default 0
2025-07-14 22:58:07,869 WARNING database DDL Query made to DB:
ALTER TABLE `tabWeb Form` MODIFY `condition_json` json, MODIFY `amount` decimal(21,9) not null default 0
2025-07-14 22:58:08,118 WARNING database DDL Query made to DB:
ALTER TABLE `tabEmployee` MODIFY `ctc` decimal(21,9) not null default 0
2025-07-14 22:58:08,332 WARNING database DDL Query made to DB:
ALTER TABLE `tabEmployee` MODIFY `ctc` decimal(21,9) not null default 0
2025-07-14 22:58:08,556 WARNING database DDL Query made to DB:
ALTER TABLE `tabEmployee` MODIFY `ctc` decimal(21,9) not null default 0
2025-07-14 22:58:08,807 WARNING database DDL Query made to DB:
ALTER TABLE `tabEmployee` MODIFY `ctc` decimal(21,9) not null default 0
2025-07-14 22:58:09,017 WARNING database DDL Query made to DB:
ALTER TABLE `tabEmployee` MODIFY `ctc` decimal(21,9) not null default 0
2025-07-14 22:58:09,215 WARNING database DDL Query made to DB:
ALTER TABLE `tabPricing Rule` MODIFY `discount_percentage` decimal(21,9) not null default 0, MODIFY `recurse_for` decimal(21,9) not null default 0, MODIFY `threshold_percentage` decimal(21,9) not null default 0, MODIFY `min_qty` decimal(21,9) not null default 0, MODIFY `max_qty` decimal(21,9) not null default 0, MODIFY `free_item_rate` decimal(21,9) not null default 0
2025-07-14 22:58:09,420 WARNING database DDL Query made to DB:
ALTER TABLE `tabEmployee` MODIFY `ctc` decimal(21,9) not null default 0
2025-07-14 22:58:09,627 WARNING database DDL Query made to DB:
ALTER TABLE `tabEmployee` MODIFY `ctc` decimal(21,9) not null default 0
2025-07-14 22:58:09,883 WARNING database DDL Query made to DB:
ALTER TABLE `tabEmployee` MODIFY `ctc` decimal(21,9) not null default 0
2025-07-14 22:58:10,124 WARNING database DDL Query made to DB:
ALTER TABLE `tabCompany` MODIFY `total_monthly_sales` decimal(21,9) not null default 0, MODIFY `monthly_sales_target` decimal(21,9) not null default 0, MODIFY `credit_limit` decimal(21,9) not null default 0
2025-07-14 22:58:10,345 WARNING database DDL Query made to DB:
ALTER TABLE `tabCompany` MODIFY `monthly_sales_target` decimal(21,9) not null default 0, MODIFY `credit_limit` decimal(21,9) not null default 0, MODIFY `total_monthly_sales` decimal(21,9) not null default 0
2025-07-14 22:58:10,546 WARNING database DDL Query made to DB:
ALTER TABLE `tabCompany` MODIFY `total_monthly_sales` decimal(21,9) not null default 0, MODIFY `credit_limit` decimal(21,9) not null default 0, MODIFY `monthly_sales_target` decimal(21,9) not null default 0
2025-07-14 22:58:10,755 WARNING database DDL Query made to DB:
ALTER TABLE `tabCompany` MODIFY `monthly_sales_target` decimal(21,9) not null default 0, MODIFY `total_monthly_sales` decimal(21,9) not null default 0, MODIFY `credit_limit` decimal(21,9) not null default 0
2025-07-14 22:58:10,976 WARNING database DDL Query made to DB:
ALTER TABLE `tabCompany` MODIFY `credit_limit` decimal(21,9) not null default 0, MODIFY `total_monthly_sales` decimal(21,9) not null default 0, MODIFY `monthly_sales_target` decimal(21,9) not null default 0
2025-07-14 22:58:11,214 WARNING database DDL Query made to DB:
ALTER TABLE `tabCompany` MODIFY `monthly_sales_target` decimal(21,9) not null default 0, MODIFY `credit_limit` decimal(21,9) not null default 0, MODIFY `total_monthly_sales` decimal(21,9) not null default 0
2025-07-14 22:58:11,403 WARNING database DDL Query made to DB:
ALTER TABLE `tabItem` MODIFY `standard_rate` decimal(21,9) not null default 0, MODIFY `custom_reorder_level` decimal(21,9) not null default 0, MODIFY `opening_stock` decimal(21,9) not null default 0, MODIFY `weight_per_unit` decimal(21,9) not null default 0, MODIFY `valuation_rate` decimal(21,9) not null default 0, MODIFY `over_billing_allowance` decimal(21,9) not null default 0, MODIFY `last_purchase_rate` decimal(21,9) not null default 0, MODIFY `total_projected_qty` decimal(21,9) not null default 0, MODIFY `over_delivery_receipt_allowance` decimal(21,9) not null default 0, MODIFY `safety_stock` decimal(21,9) not null default 0, MODIFY `max_discount` decimal(21,9) not null default 0
