117869:C 18 Jun 2025 01:19:56.260 # oO0OoO0OoO0Oo Redis is starting oO0OoO0OoO0Oo
117869:C 18 Jun 2025 01:19:56.260 # Redis version=6.0.16, bits=64, commit=00000000, modified=0, pid=117869, just started
117869:C 18 Jun 2025 01:19:56.260 # Configuration loaded
117869:M 18 Jun 2025 01:19:56.261 * Increased maximum number of open files to 10032 (it was originally set to 1024).
117869:M 18 Jun 2025 01:19:56.261 # Could not create server TCP listening socket 127.0.0.1:11001: bind: Address already in use
117890:C 18 Jun 2025 01:19:57.416 # oO0OoO0OoO0Oo Redis is starting oO0OoO0OoO0Oo
117890:C 18 Jun 2025 01:19:57.416 # Redis version=6.0.16, bits=64, commit=00000000, modified=0, pid=117890, just started
117890:C 18 Jun 2025 01:19:57.416 # Configuration loaded
117890:M 18 Jun 2025 01:19:57.417 * Increased maximum number of open files to 10032 (it was originally set to 1024).
117890:M 18 Jun 2025 01:19:57.417 # Could not create server TCP listening socket 127.0.0.1:11001: bind: Address already in use
117905:C 18 Jun 2025 01:19:59.601 # oO0OoO0OoO0Oo Redis is starting oO0OoO0OoO0Oo
117905:C 18 Jun 2025 01:19:59.602 # Redis version=6.0.16, bits=64, commit=00000000, modified=0, pid=117905, just started
117905:C 18 Jun 2025 01:19:59.602 # Configuration loaded
117905:M 18 Jun 2025 01:19:59.603 * Increased maximum number of open files to 10032 (it was originally set to 1024).
117905:M 18 Jun 2025 01:19:59.603 # Could not create server TCP listening socket 127.0.0.1:11001: bind: Address already in use
117941:C 18 Jun 2025 01:20:02.723 # oO0OoO0OoO0Oo Redis is starting oO0OoO0OoO0Oo
117941:C 18 Jun 2025 01:20:02.723 # Redis version=6.0.16, bits=64, commit=00000000, modified=0, pid=117941, just started
117941:C 18 Jun 2025 01:20:02.723 # Configuration loaded
117941:M 18 Jun 2025 01:20:02.724 * Increased maximum number of open files to 10032 (it was originally set to 1024).
117941:M 18 Jun 2025 01:20:02.724 # Could not create server TCP listening socket 127.0.0.1:11001: bind: Address already in use
117997:C 18 Jun 2025 01:20:11.213 # oO0OoO0OoO0Oo Redis is starting oO0OoO0OoO0Oo
117997:C 18 Jun 2025 01:20:11.213 # Redis version=6.0.16, bits=64, commit=00000000, modified=0, pid=117997, just started
117997:C 18 Jun 2025 01:20:11.213 # Configuration loaded
117997:M 18 Jun 2025 01:20:11.214 * Increased maximum number of open files to 10032 (it was originally set to 1024).
117997:M 18 Jun 2025 01:20:11.214 # Could not create server TCP listening socket 127.0.0.1:11001: bind: Address already in use
118045:C 18 Jun 2025 01:20:16.247 # oO0OoO0OoO0Oo Redis is starting oO0OoO0OoO0Oo
118045:C 18 Jun 2025 01:20:16.247 # Redis version=6.0.16, bits=64, commit=00000000, modified=0, pid=118045, just started
118045:C 18 Jun 2025 01:20:16.247 # Configuration loaded
118045:M 18 Jun 2025 01:20:16.247 * Increased maximum number of open files to 10032 (it was originally set to 1024).
118045:M 18 Jun 2025 01:20:16.248 # Could not create server TCP listening socket 127.0.0.1:11001: bind: Address already in use
118288:C 18 Jun 2025 01:20:23.276 # oO0OoO0OoO0Oo Redis is starting oO0OoO0OoO0Oo
118288:C 18 Jun 2025 01:20:23.276 # Redis version=6.0.16, bits=64, commit=00000000, modified=0, pid=118288, just started
118288:C 18 Jun 2025 01:20:23.276 # Configuration loaded
118288:M 18 Jun 2025 01:20:23.277 * Increased maximum number of open files to 10032 (it was originally set to 1024).
118288:M 18 Jun 2025 01:20:23.278 # Could not create server TCP listening socket 127.0.0.1:11001: bind: Address already in use
118338:C 18 Jun 2025 01:20:30.363 # oO0OoO0OoO0Oo Redis is starting oO0OoO0OoO0Oo
118338:C 18 Jun 2025 01:20:30.363 # Redis version=6.0.16, bits=64, commit=00000000, modified=0, pid=118338, just started
118338:C 18 Jun 2025 01:20:30.363 # Configuration loaded
118338:M 18 Jun 2025 01:20:30.363 * Increased maximum number of open files to 10032 (it was originally set to 1024).
118338:M 18 Jun 2025 01:20:30.369 * Running mode=standalone, port=11001.
118338:M 18 Jun 2025 01:20:30.369 # Server initialized
118338:M 18 Jun 2025 01:20:30.370 * Ready to accept connections
118338:signal-handler (1750198830) Received SIGTERM scheduling shutdown...
118338:M 18 Jun 2025 01:20:30.470 # User requested shutdown...
118338:M 18 Jun 2025 01:20:30.470 * Removing the pid file.
118338:M 18 Jun 2025 01:20:30.470 # Redis is now ready to exit, bye bye...
118376:C 18 Jun 2025 01:20:30.882 # oO0OoO0OoO0Oo Redis is starting oO0OoO0OoO0Oo
118376:C 18 Jun 2025 01:20:30.882 # Redis version=6.0.16, bits=64, commit=00000000, modified=0, pid=118376, just started
118376:C 18 Jun 2025 01:20:30.882 # Configuration loaded
118376:M 18 Jun 2025 01:20:30.883 * Increased maximum number of open files to 10032 (it was originally set to 1024).
118376:M 18 Jun 2025 01:20:30.885 * Running mode=standalone, port=11001.
118376:M 18 Jun 2025 01:20:30.885 # Server initialized
118376:M 18 Jun 2025 01:20:30.885 * Ready to accept connections
118376:signal-handler (1750199280) Received SIGTERM scheduling shutdown...
118376:M 18 Jun 2025 01:28:00.303 # User requested shutdown...
118376:M 18 Jun 2025 01:28:00.304 * Removing the pid file.
118376:M 18 Jun 2025 01:28:00.304 # Redis is now ready to exit, bye bye...
121971:C 18 Jun 2025 01:28:00.456 # oO0OoO0OoO0Oo Redis is starting oO0OoO0OoO0Oo
121971:C 18 Jun 2025 01:28:00.456 # Redis version=6.0.16, bits=64, commit=00000000, modified=0, pid=121971, just started
121971:C 18 Jun 2025 01:28:00.456 # Configuration loaded
121971:M 18 Jun 2025 01:28:00.457 * Increased maximum number of open files to 10032 (it was originally set to 1024).
121971:M 18 Jun 2025 01:28:00.463 * Running mode=standalone, port=11001.
121971:M 18 Jun 2025 01:28:00.463 # Server initialized
121971:M 18 Jun 2025 01:28:00.465 * Ready to accept connections
121971:signal-handler (1750199330) Received SIGTERM scheduling shutdown...
121971:M 18 Jun 2025 01:28:50.247 # User requested shutdown...
121971:M 18 Jun 2025 01:28:50.247 * Removing the pid file.
121971:M 18 Jun 2025 01:28:50.247 # Redis is now ready to exit, bye bye...
122427:C 18 Jun 2025 01:28:50.345 # oO0OoO0OoO0Oo Redis is starting oO0OoO0OoO0Oo
122427:C 18 Jun 2025 01:28:50.345 # Redis version=6.0.16, bits=64, commit=00000000, modified=0, pid=122427, just started
122427:C 18 Jun 2025 01:28:50.345 # Configuration loaded
122427:M 18 Jun 2025 01:28:50.346 * Increased maximum number of open files to 10032 (it was originally set to 1024).
122427:M 18 Jun 2025 01:28:50.347 * Running mode=standalone, port=11001.
122427:M 18 Jun 2025 01:28:50.347 # Server initialized
122427:M 18 Jun 2025 01:28:50.349 * Ready to accept connections
122427:signal-handler (1750199335) Received SIGTERM scheduling shutdown...
122427:M 18 Jun 2025 01:28:55.333 # User requested shutdown...
122427:M 18 Jun 2025 01:28:55.333 * Removing the pid file.
122427:M 18 Jun 2025 01:28:55.333 # Redis is now ready to exit, bye bye...
122960:C 18 Jun 2025 01:29:49.793 # oO0OoO0OoO0Oo Redis is starting oO0OoO0OoO0Oo
122960:C 18 Jun 2025 01:29:49.793 # Redis version=6.0.16, bits=64, commit=00000000, modified=0, pid=122960, just started
122960:C 18 Jun 2025 01:29:49.793 # Configuration loaded
122960:M 18 Jun 2025 01:29:49.794 * Increased maximum number of open files to 10032 (it was originally set to 1024).
122960:M 18 Jun 2025 01:29:49.795 # Could not create server TCP listening socket 127.0.0.1:11001: bind: Address already in use
122988:C 18 Jun 2025 01:29:51.020 # oO0OoO0OoO0Oo Redis is starting oO0OoO0OoO0Oo
122988:C 18 Jun 2025 01:29:51.020 # Redis version=6.0.16, bits=64, commit=00000000, modified=0, pid=122988, just started
122988:C 18 Jun 2025 01:29:51.020 # Configuration loaded
122988:M 18 Jun 2025 01:29:51.023 * Increased maximum number of open files to 10032 (it was originally set to 1024).
122988:M 18 Jun 2025 01:29:51.025 # Could not create server TCP listening socket 127.0.0.1:11001: bind: Address already in use
123081:C 18 Jun 2025 01:29:53.592 # oO0OoO0OoO0Oo Redis is starting oO0OoO0OoO0Oo
123081:C 18 Jun 2025 01:29:53.592 # Redis version=6.0.16, bits=64, commit=00000000, modified=0, pid=123081, just started
123081:C 18 Jun 2025 01:29:53.592 # Configuration loaded
123081:M 18 Jun 2025 01:29:53.593 * Increased maximum number of open files to 10032 (it was originally set to 1024).
123081:M 18 Jun 2025 01:29:53.596 # Could not create server TCP listening socket 127.0.0.1:11001: bind: Address already in use
123178:C 18 Jun 2025 01:29:56.817 # oO0OoO0OoO0Oo Redis is starting oO0OoO0OoO0Oo
123178:C 18 Jun 2025 01:29:56.817 # Redis version=6.0.16, bits=64, commit=00000000, modified=0, pid=123178, just started
123178:C 18 Jun 2025 01:29:56.817 # Configuration loaded
123178:M 18 Jun 2025 01:29:56.832 * Increased maximum number of open files to 10032 (it was originally set to 1024).
123178:M 18 Jun 2025 01:29:56.833 # Could not create server TCP listening socket 127.0.0.1:11001: bind: Address already in use
123249:C 18 Jun 2025 01:30:01.980 # oO0OoO0OoO0Oo Redis is starting oO0OoO0OoO0Oo
123249:C 18 Jun 2025 01:30:01.980 # Redis version=6.0.16, bits=64, commit=00000000, modified=0, pid=123249, just started
123249:C 18 Jun 2025 01:30:01.980 # Configuration loaded
123249:M 18 Jun 2025 01:30:01.981 * Increased maximum number of open files to 10032 (it was originally set to 1024).
123249:M 18 Jun 2025 01:30:01.982 # Could not create server TCP listening socket 127.0.0.1:11001: bind: Address already in use
123466:C 18 Jun 2025 01:30:07.305 # oO0OoO0OoO0Oo Redis is starting oO0OoO0OoO0Oo
123466:C 18 Jun 2025 01:30:07.305 # Redis version=6.0.16, bits=64, commit=00000000, modified=0, pid=123466, just started
123466:C 18 Jun 2025 01:30:07.305 # Configuration loaded
123466:M 18 Jun 2025 01:30:07.316 * Increased maximum number of open files to 10032 (it was originally set to 1024).
123466:M 18 Jun 2025 01:30:07.317 # Could not create server TCP listening socket 127.0.0.1:11001: bind: Address already in use
123772:C 18 Jun 2025 01:30:13.662 # oO0OoO0OoO0Oo Redis is starting oO0OoO0OoO0Oo
123772:C 18 Jun 2025 01:30:13.662 # Redis version=6.0.16, bits=64, commit=00000000, modified=0, pid=123772, just started
123772:C 18 Jun 2025 01:30:13.662 # Configuration loaded
123772:M 18 Jun 2025 01:30:13.664 * Increased maximum number of open files to 10032 (it was originally set to 1024).
123772:M 18 Jun 2025 01:30:13.664 # Could not create server TCP listening socket 127.0.0.1:11001: bind: Address already in use
124068:C 18 Jun 2025 01:30:21.325 # oO0OoO0OoO0Oo Redis is starting oO0OoO0OoO0Oo
124068:C 18 Jun 2025 01:30:21.325 # Redis version=6.0.16, bits=64, commit=00000000, modified=0, pid=124068, just started
124068:C 18 Jun 2025 01:30:21.325 # Configuration loaded
124068:M 18 Jun 2025 01:30:21.328 * Increased maximum number of open files to 10032 (it was originally set to 1024).
124068:M 18 Jun 2025 01:30:21.328 # Could not create server TCP listening socket 127.0.0.1:11001: bind: Address already in use
124213:C 18 Jun 2025 01:30:29.584 # oO0OoO0OoO0Oo Redis is starting oO0OoO0OoO0Oo
124213:C 18 Jun 2025 01:30:29.585 # Redis version=6.0.16, bits=64, commit=00000000, modified=0, pid=124213, just started
124213:C 18 Jun 2025 01:30:29.585 # Configuration loaded
124213:M 18 Jun 2025 01:30:29.588 * Increased maximum number of open files to 10032 (it was originally set to 1024).
124213:M 18 Jun 2025 01:30:29.589 # Could not create server TCP listening socket 127.0.0.1:11001: bind: Address already in use
124452:C 18 Jun 2025 01:30:39.522 # oO0OoO0OoO0Oo Redis is starting oO0OoO0OoO0Oo
124452:C 18 Jun 2025 01:30:39.522 # Redis version=6.0.16, bits=64, commit=00000000, modified=0, pid=124452, just started
124452:C 18 Jun 2025 01:30:39.522 # Configuration loaded
124452:M 18 Jun 2025 01:30:39.527 * Increased maximum number of open files to 10032 (it was originally set to 1024).
124452:M 18 Jun 2025 01:30:39.529 # Could not create server TCP listening socket 127.0.0.1:11001: bind: Address already in use
124708:C 18 Jun 2025 01:30:50.157 # oO0OoO0OoO0Oo Redis is starting oO0OoO0OoO0Oo
124708:C 18 Jun 2025 01:30:50.157 # Redis version=6.0.16, bits=64, commit=00000000, modified=0, pid=124708, just started
124708:C 18 Jun 2025 01:30:50.157 # Configuration loaded
124708:M 18 Jun 2025 01:30:50.159 * Increased maximum number of open files to 10032 (it was originally set to 1024).
124708:M 18 Jun 2025 01:30:50.160 # Could not create server TCP listening socket 127.0.0.1:11001: bind: Address already in use
18466:C 21 Jun 2025 07:35:32.582 # oO0OoO0OoO0Oo Redis is starting oO0OoO0OoO0Oo
18466:C 21 Jun 2025 07:35:32.582 # Redis version=6.0.16, bits=64, commit=00000000, modified=0, pid=18466, just started
18466:C 21 Jun 2025 07:35:32.582 # Configuration loaded
18466:M 21 Jun 2025 07:35:32.583 * Increased maximum number of open files to 10032 (it was originally set to 1024).
18466:M 21 Jun 2025 07:35:32.585 # Could not create server TCP listening socket 127.0.0.1:11001: bind: Address already in use
18487:C 21 Jun 2025 07:35:33.660 # oO0OoO0OoO0Oo Redis is starting oO0OoO0OoO0Oo
18487:C 21 Jun 2025 07:35:33.669 # Redis version=6.0.16, bits=64, commit=00000000, modified=0, pid=18487, just started
18487:C 21 Jun 2025 07:35:33.669 # Configuration loaded
18487:M 21 Jun 2025 07:35:33.670 * Increased maximum number of open files to 10032 (it was originally set to 1024).
18487:M 21 Jun 2025 07:35:33.670 # Could not create server TCP listening socket 127.0.0.1:11001: bind: Address already in use
18502:C 21 Jun 2025 07:35:35.827 # oO0OoO0OoO0Oo Redis is starting oO0OoO0OoO0Oo
18502:C 21 Jun 2025 07:35:35.827 # Redis version=6.0.16, bits=64, commit=00000000, modified=0, pid=18502, just started
18502:C 21 Jun 2025 07:35:35.827 # Configuration loaded
18502:M 21 Jun 2025 07:35:35.828 * Increased maximum number of open files to 10032 (it was originally set to 1024).
18502:M 21 Jun 2025 07:35:35.828 # Could not create server TCP listening socket 127.0.0.1:11001: bind: Address already in use
18567:C 21 Jun 2025 07:35:39.845 # oO0OoO0OoO0Oo Redis is starting oO0OoO0OoO0Oo
18567:C 21 Jun 2025 07:35:39.845 # Redis version=6.0.16, bits=64, commit=00000000, modified=0, pid=18567, just started
18567:C 21 Jun 2025 07:35:39.845 # Configuration loaded
18567:M 21 Jun 2025 07:35:39.847 * Increased maximum number of open files to 10032 (it was originally set to 1024).
18567:M 21 Jun 2025 07:35:39.847 # Could not create server TCP listening socket 127.0.0.1:11001: bind: Address already in use
19399:C 21 Jun 2025 07:35:44.421 # oO0OoO0OoO0Oo Redis is starting oO0OoO0OoO0Oo
19399:C 21 Jun 2025 07:35:44.422 # Redis version=6.0.16, bits=64, commit=00000000, modified=0, pid=19399, just started
19399:C 21 Jun 2025 07:35:44.422 # Configuration loaded
19399:M 21 Jun 2025 07:35:44.423 * Increased maximum number of open files to 10032 (it was originally set to 1024).
19399:M 21 Jun 2025 07:35:44.423 # Could not create server TCP listening socket 127.0.0.1:11001: bind: Address already in use
19443:C 21 Jun 2025 07:35:49.642 # oO0OoO0OoO0Oo Redis is starting oO0OoO0OoO0Oo
19443:C 21 Jun 2025 07:35:49.642 # Redis version=6.0.16, bits=64, commit=00000000, modified=0, pid=19443, just started
19443:C 21 Jun 2025 07:35:49.642 # Configuration loaded
19443:M 21 Jun 2025 07:35:49.643 * Increased maximum number of open files to 10032 (it was originally set to 1024).
19443:M 21 Jun 2025 07:35:49.643 # Could not create server TCP listening socket 127.0.0.1:11001: bind: Address already in use
19545:C 21 Jun 2025 07:35:55.684 # oO0OoO0OoO0Oo Redis is starting oO0OoO0OoO0Oo
19545:C 21 Jun 2025 07:35:55.684 # Redis version=6.0.16, bits=64, commit=00000000, modified=0, pid=19545, just started
19545:C 21 Jun 2025 07:35:55.684 # Configuration loaded
19545:M 21 Jun 2025 07:35:55.685 * Increased maximum number of open files to 10032 (it was originally set to 1024).
19545:M 21 Jun 2025 07:35:55.686 # Could not create server TCP listening socket 127.0.0.1:11001: bind: Address already in use
19599:C 21 Jun 2025 07:36:02.922 # oO0OoO0OoO0Oo Redis is starting oO0OoO0OoO0Oo
19599:C 21 Jun 2025 07:36:02.922 # Redis version=6.0.16, bits=64, commit=00000000, modified=0, pid=19599, just started
19599:C 21 Jun 2025 07:36:02.922 # Configuration loaded
19599:M 21 Jun 2025 07:36:02.923 * Increased maximum number of open files to 10032 (it was originally set to 1024).
19599:M 21 Jun 2025 07:36:02.923 # Could not create server TCP listening socket 127.0.0.1:11001: bind: Address already in use
19625:C 21 Jun 2025 07:36:11.027 # oO0OoO0OoO0Oo Redis is starting oO0OoO0OoO0Oo
19625:C 21 Jun 2025 07:36:11.027 # Redis version=6.0.16, bits=64, commit=00000000, modified=0, pid=19625, just started
19625:C 21 Jun 2025 07:36:11.027 # Configuration loaded
19625:M 21 Jun 2025 07:36:11.028 * Increased maximum number of open files to 10032 (it was originally set to 1024).
19625:M 21 Jun 2025 07:36:11.028 # Could not create server TCP listening socket 127.0.0.1:11001: bind: Address already in use
19864:C 21 Jun 2025 07:36:20.921 # oO0OoO0OoO0Oo Redis is starting oO0OoO0OoO0Oo
19864:C 21 Jun 2025 07:36:20.921 # Redis version=6.0.16, bits=64, commit=00000000, modified=0, pid=19864, just started
19864:C 21 Jun 2025 07:36:20.921 # Configuration loaded
19864:M 21 Jun 2025 07:36:20.922 * Increased maximum number of open files to 10032 (it was originally set to 1024).
19864:M 21 Jun 2025 07:36:20.922 # Could not create server TCP listening socket 127.0.0.1:11001: bind: Address already in use
19931:C 21 Jun 2025 07:36:31.097 # oO0OoO0OoO0Oo Redis is starting oO0OoO0OoO0Oo
19931:C 21 Jun 2025 07:36:31.098 # Redis version=6.0.16, bits=64, commit=00000000, modified=0, pid=19931, just started
19931:C 21 Jun 2025 07:36:31.098 # Configuration loaded
19931:M 21 Jun 2025 07:36:31.099 * Increased maximum number of open files to 10032 (it was originally set to 1024).
19931:M 21 Jun 2025 07:36:31.099 # Could not create server TCP listening socket 127.0.0.1:11001: bind: Address already in use
20091:C 21 Jun 2025 07:36:59.229 # oO0OoO0OoO0Oo Redis is starting oO0OoO0OoO0Oo
20091:C 21 Jun 2025 07:36:59.229 # Redis version=6.0.16, bits=64, commit=00000000, modified=0, pid=20091, just started
20091:C 21 Jun 2025 07:36:59.229 # Configuration loaded
20091:M 21 Jun 2025 07:36:59.232 * Increased maximum number of open files to 10032 (it was originally set to 1024).
20091:M 21 Jun 2025 07:36:59.232 # Could not create server TCP listening socket 127.0.0.1:11001: bind: Address already in use
20112:C 21 Jun 2025 07:37:00.316 # oO0OoO0OoO0Oo Redis is starting oO0OoO0OoO0Oo
20112:C 21 Jun 2025 07:37:00.317 # Redis version=6.0.16, bits=64, commit=00000000, modified=0, pid=20112, just started
20112:C 21 Jun 2025 07:37:00.317 # Configuration loaded
20112:M 21 Jun 2025 07:37:00.319 * Increased maximum number of open files to 10032 (it was originally set to 1024).
20112:M 21 Jun 2025 07:37:00.320 # Could not create server TCP listening socket 127.0.0.1:11001: bind: Address already in use
20133:C 21 Jun 2025 07:37:02.485 # oO0OoO0OoO0Oo Redis is starting oO0OoO0OoO0Oo
20133:C 21 Jun 2025 07:37:02.485 # Redis version=6.0.16, bits=64, commit=00000000, modified=0, pid=20133, just started
20133:C 21 Jun 2025 07:37:02.485 # Configuration loaded
20133:M 21 Jun 2025 07:37:02.486 * Increased maximum number of open files to 10032 (it was originally set to 1024).
20133:M 21 Jun 2025 07:37:02.486 # Could not create server TCP listening socket 127.0.0.1:11001: bind: Address already in use
20199:C 21 Jun 2025 07:37:05.884 # oO0OoO0OoO0Oo Redis is starting oO0OoO0OoO0Oo
20199:C 21 Jun 2025 07:37:05.884 # Redis version=6.0.16, bits=64, commit=00000000, modified=0, pid=20199, just started
20199:C 21 Jun 2025 07:37:05.884 # Configuration loaded
20199:M 21 Jun 2025 07:37:05.886 * Increased maximum number of open files to 10032 (it was originally set to 1024).
20199:M 21 Jun 2025 07:37:05.886 # Could not create server TCP listening socket 127.0.0.1:11001: bind: Address already in use
20220:C 21 Jun 2025 07:37:10.393 # oO0OoO0OoO0Oo Redis is starting oO0OoO0OoO0Oo
20220:C 21 Jun 2025 07:37:10.393 # Redis version=6.0.16, bits=64, commit=00000000, modified=0, pid=20220, just started
20220:C 21 Jun 2025 07:37:10.393 # Configuration loaded
20220:M 21 Jun 2025 07:37:10.394 * Increased maximum number of open files to 10032 (it was originally set to 1024).
20220:M 21 Jun 2025 07:37:10.395 # Could not create server TCP listening socket 127.0.0.1:11001: bind: Address already in use
20262:C 21 Jun 2025 07:37:15.469 # oO0OoO0OoO0Oo Redis is starting oO0OoO0OoO0Oo
20262:C 21 Jun 2025 07:37:15.469 # Redis version=6.0.16, bits=64, commit=00000000, modified=0, pid=20262, just started
20262:C 21 Jun 2025 07:37:15.469 # Configuration loaded
20262:M 21 Jun 2025 07:37:15.471 * Increased maximum number of open files to 10032 (it was originally set to 1024).
20262:M 21 Jun 2025 07:37:15.471 # Could not create server TCP listening socket 127.0.0.1:11001: bind: Address already in use
20437:C 21 Jun 2025 07:37:21.686 # oO0OoO0OoO0Oo Redis is starting oO0OoO0OoO0Oo
20437:C 21 Jun 2025 07:37:21.686 # Redis version=6.0.16, bits=64, commit=00000000, modified=0, pid=20437, just started
20437:C 21 Jun 2025 07:37:21.686 # Configuration loaded
20437:M 21 Jun 2025 07:37:21.687 * Increased maximum number of open files to 10032 (it was originally set to 1024).
20437:M 21 Jun 2025 07:37:21.687 # Could not create server TCP listening socket 127.0.0.1:11001: bind: Address already in use
20526:C 21 Jun 2025 07:37:28.994 # oO0OoO0OoO0Oo Redis is starting oO0OoO0OoO0Oo
20526:C 21 Jun 2025 07:37:28.994 # Redis version=6.0.16, bits=64, commit=00000000, modified=0, pid=20526, just started
20526:C 21 Jun 2025 07:37:28.994 # Configuration loaded
20526:M 21 Jun 2025 07:37:28.994 * Increased maximum number of open files to 10032 (it was originally set to 1024).
20526:M 21 Jun 2025 07:37:28.995 # Could not create server TCP listening socket 127.0.0.1:11001: bind: Address already in use
20575:C 21 Jun 2025 07:37:37.884 # oO0OoO0OoO0Oo Redis is starting oO0OoO0OoO0Oo
20575:C 21 Jun 2025 07:37:37.884 # Redis version=6.0.16, bits=64, commit=00000000, modified=0, pid=20575, just started
20575:C 21 Jun 2025 07:37:37.884 # Configuration loaded
20575:M 21 Jun 2025 07:37:37.885 * Increased maximum number of open files to 10032 (it was originally set to 1024).
20575:M 21 Jun 2025 07:37:37.885 # Could not create server TCP listening socket 127.0.0.1:11001: bind: Address already in use
20633:C 21 Jun 2025 07:37:47.273 # oO0OoO0OoO0Oo Redis is starting oO0OoO0OoO0Oo
20633:C 21 Jun 2025 07:37:47.273 # Redis version=6.0.16, bits=64, commit=00000000, modified=0, pid=20633, just started
20633:C 21 Jun 2025 07:37:47.273 # Configuration loaded
20633:M 21 Jun 2025 07:37:47.273 * Increased maximum number of open files to 10032 (it was originally set to 1024).
20633:M 21 Jun 2025 07:37:47.274 # Could not create server TCP listening socket 127.0.0.1:11001: bind: Address already in use
20694:C 21 Jun 2025 07:37:57.381 # oO0OoO0OoO0Oo Redis is starting oO0OoO0OoO0Oo
20694:C 21 Jun 2025 07:37:57.381 # Redis version=6.0.16, bits=64, commit=00000000, modified=0, pid=20694, just started
20694:C 21 Jun 2025 07:37:57.381 # Configuration loaded
20694:M 21 Jun 2025 07:37:57.382 * Increased maximum number of open files to 10032 (it was originally set to 1024).
20694:M 21 Jun 2025 07:37:57.383 # Could not create server TCP listening socket 127.0.0.1:11001: bind: Address already in use
32683:C 21 Jun 2025 08:01:57.296 # oO0OoO0OoO0Oo Redis is starting oO0OoO0OoO0Oo
32683:C 21 Jun 2025 08:01:57.296 # Redis version=6.0.16, bits=64, commit=00000000, modified=0, pid=32683, just started
32683:C 21 Jun 2025 08:01:57.296 # Configuration loaded
32683:M 21 Jun 2025 08:01:57.298 * Increased maximum number of open files to 10032 (it was originally set to 1024).
32683:M 21 Jun 2025 08:01:57.299 # Could not create server TCP listening socket 127.0.0.1:11001: bind: Address already in use
32708:C 21 Jun 2025 08:01:59.041 # oO0OoO0OoO0Oo Redis is starting oO0OoO0OoO0Oo
32708:C 21 Jun 2025 08:01:59.042 # Redis version=6.0.16, bits=64, commit=00000000, modified=0, pid=32708, just started
32708:C 21 Jun 2025 08:01:59.042 # Configuration loaded
32708:M 21 Jun 2025 08:01:59.043 * Increased maximum number of open files to 10032 (it was originally set to 1024).
32708:M 21 Jun 2025 08:01:59.043 # Could not create server TCP listening socket 127.0.0.1:11001: bind: Address already in use
32717:C 21 Jun 2025 08:02:02.053 # oO0OoO0OoO0Oo Redis is starting oO0OoO0OoO0Oo
32717:C 21 Jun 2025 08:02:02.053 # Redis version=6.0.16, bits=64, commit=00000000, modified=0, pid=32717, just started
32717:C 21 Jun 2025 08:02:02.053 # Configuration loaded
32717:M 21 Jun 2025 08:02:02.054 * Increased maximum number of open files to 10032 (it was originally set to 1024).
32717:M 21 Jun 2025 08:02:02.054 # Could not create server TCP listening socket 127.0.0.1:11001: bind: Address already in use
32733:C 21 Jun 2025 08:02:05.091 # oO0OoO0OoO0Oo Redis is starting oO0OoO0OoO0Oo
32733:C 21 Jun 2025 08:02:05.091 # Redis version=6.0.16, bits=64, commit=00000000, modified=0, pid=32733, just started
32733:C 21 Jun 2025 08:02:05.091 # Configuration loaded
32733:M 21 Jun 2025 08:02:05.092 * Increased maximum number of open files to 10032 (it was originally set to 1024).
32733:M 21 Jun 2025 08:02:05.092 # Could not create server TCP listening socket 127.0.0.1:11001: bind: Address already in use
32765:C 21 Jun 2025 08:02:09.147 # oO0OoO0OoO0Oo Redis is starting oO0OoO0OoO0Oo
32765:C 21 Jun 2025 08:02:09.147 # Redis version=6.0.16, bits=64, commit=00000000, modified=0, pid=32765, just started
32765:C 21 Jun 2025 08:02:09.147 # Configuration loaded
32765:M 21 Jun 2025 08:02:09.147 * Increased maximum number of open files to 10032 (it was originally set to 1024).
32765:M 21 Jun 2025 08:02:09.148 # Could not create server TCP listening socket 127.0.0.1:11001: bind: Address already in use
32782:C 21 Jun 2025 08:02:14.975 # oO0OoO0OoO0Oo Redis is starting oO0OoO0OoO0Oo
32782:C 21 Jun 2025 08:02:14.975 # Redis version=6.0.16, bits=64, commit=00000000, modified=0, pid=32782, just started
32782:C 21 Jun 2025 08:02:14.975 # Configuration loaded
32782:M 21 Jun 2025 08:02:14.975 * Increased maximum number of open files to 10032 (it was originally set to 1024).
32782:M 21 Jun 2025 08:02:14.976 # Could not create server TCP listening socket 127.0.0.1:11001: bind: Address already in use
33017:C 21 Jun 2025 08:02:21.317 # oO0OoO0OoO0Oo Redis is starting oO0OoO0OoO0Oo
33017:C 21 Jun 2025 08:02:21.317 # Redis version=6.0.16, bits=64, commit=00000000, modified=0, pid=33017, just started
33017:C 21 Jun 2025 08:02:21.317 # Configuration loaded
33017:M 21 Jun 2025 08:02:21.318 * Increased maximum number of open files to 10032 (it was originally set to 1024).
33017:M 21 Jun 2025 08:02:21.319 # Could not create server TCP listening socket 127.0.0.1:11001: bind: Address already in use
33057:C 21 Jun 2025 08:02:29.301 # oO0OoO0OoO0Oo Redis is starting oO0OoO0OoO0Oo
33057:C 21 Jun 2025 08:02:29.301 # Redis version=6.0.16, bits=64, commit=00000000, modified=0, pid=33057, just started
33057:C 21 Jun 2025 08:02:29.301 # Configuration loaded
33057:M 21 Jun 2025 08:02:29.302 * Increased maximum number of open files to 10032 (it was originally set to 1024).
33057:M 21 Jun 2025 08:02:29.303 # Could not create server TCP listening socket 127.0.0.1:11001: bind: Address already in use
33096:C 21 Jun 2025 08:02:37.363 # oO0OoO0OoO0Oo Redis is starting oO0OoO0OoO0Oo
33096:C 21 Jun 2025 08:02:37.363 # Redis version=6.0.16, bits=64, commit=00000000, modified=0, pid=33096, just started
33096:C 21 Jun 2025 08:02:37.363 # Configuration loaded
33096:M 21 Jun 2025 08:02:37.364 * Increased maximum number of open files to 10032 (it was originally set to 1024).
33096:M 21 Jun 2025 08:02:37.365 # Could not create server TCP listening socket 127.0.0.1:11001: bind: Address already in use
33140:C 21 Jun 2025 08:02:46.651 # oO0OoO0OoO0Oo Redis is starting oO0OoO0OoO0Oo
33140:C 21 Jun 2025 08:02:46.651 # Redis version=6.0.16, bits=64, commit=00000000, modified=0, pid=33140, just started
33140:C 21 Jun 2025 08:02:46.651 # Configuration loaded
33140:M 21 Jun 2025 08:02:46.653 * Increased maximum number of open files to 10032 (it was originally set to 1024).
33140:M 21 Jun 2025 08:02:46.653 # Could not create server TCP listening socket 127.0.0.1:11001: bind: Address already in use
33185:C 21 Jun 2025 08:02:57.447 # oO0OoO0OoO0Oo Redis is starting oO0OoO0OoO0Oo
33185:C 21 Jun 2025 08:02:57.447 # Redis version=6.0.16, bits=64, commit=00000000, modified=0, pid=33185, just started
33185:C 21 Jun 2025 08:02:57.447 # Configuration loaded
33185:M 21 Jun 2025 08:02:57.448 * Increased maximum number of open files to 10032 (it was originally set to 1024).
33185:M 21 Jun 2025 08:02:57.448 # Could not create server TCP listening socket 127.0.0.1:11001: bind: Address already in use
